<?xml version="1.0" encoding="UTF-8"?>
<testng-results skipped="0" failed="0" total="1" passed="1">
  <reporter-output>
  </reporter-output>
  <suite name="Default suite" duration-ms="5457" started-at="2020-04-02T23:21:49Z" finished-at="2020-04-02T23:21:54Z">
    <groups>
    </groups>
    <test name="Default test" duration-ms="5457" started-at="2020-04-02T23:21:49Z" finished-at="2020-04-02T23:21:54Z">
      <class name="springexample.SearchforTestNGGoogle">
        <test-method status="PASS" signature="initDriver()[pri:0, instance:springexample.SearchforTestNGGoogle@45cd7bc5]" name="initDriver" is-config="true" duration-ms="3621" started-at="2020-04-02T16:21:45Z" finished-at="2020-04-02T16:21:49Z">
          <reporter-output>
          </reporter-output>
        </test-method> <!-- initDriver -->
        <test-method status="PASS" signature="searchTestngIngoogle()[pri:0, instance:springexample.SearchforTestNGGoogle@45cd7bc5]" name="searchTestngIngoogle" duration-ms="5431" started-at="2020-04-02T16:21:49Z" finished-at="2020-04-02T16:21:54Z">
          <reporter-output>
          </reporter-output>
        </test-method> <!-- searchTestngIngoogle -->
        <test-method status="PASS" signature="quitDriver()[pri:0, instance:springexample.SearchforTestNGGoogle@45cd7bc5]" name="quitDriver" is-config="true" duration-ms="292" started-at="2020-04-02T16:21:54Z" finished-at="2020-04-02T16:21:54Z">
          <reporter-output>
          </reporter-output>
        </test-method> <!-- quitDriver -->
      </class> <!-- springexample.SearchforTestNGGoogle -->
    </test> <!-- Default test -->
  </suite> <!-- Default suite -->
</testng-results>
